<?xml version="1.0" encoding="UTF-8"?>
<testng-results ignored="0" total="3" passed="3" failed="0" skipped="0">
  <reporter-output>
  </reporter-output>
  <suite started-at="2023-11-28T19:58:13 IST" name="Default suite" finished-at="2023-11-28T19:59:02 IST" duration-ms="48486">
    <groups>
      <group name="cucumber">
        <method signature="AbstractTestNGCucumberTests.runScenario(io.cucumber.testng.PickleWrapper,io.cucumber.testng.FeatureWrapper)[pri:0, instance:cucumberOptions.RunnerTestNG@723ca036]" name="runScenario" class="io.cucumber.testng.AbstractTestNGCucumberTests"/>
      </group> <!-- cucumber -->
    </groups>
    <test started-at="2023-11-28T19:58:13 IST" name="Default test" finished-at="2023-11-28T19:59:02 IST" duration-ms="48486">
      <class name="cucumberOptions.RunnerTestNG">
        <test-method is-config="true" signature="setUpClass(org.testng.ITestContext)[pri:0, instance:cucumberOptions.RunnerTestNG@723ca036]" started-at="2023-11-28T19:58:13 IST" name="setUpClass" finished-at="2023-11-28T19:58:14 IST" duration-ms="748" status="PASS">
          <params>
            <param index="0">
              <value>
                <![CDATA[org.testng.TestRunner@7a356a0d]]>
              </value>
            </param>
          </params>
          <reporter-output>
          </reporter-output>
        </test-method> <!-- setUpClass -->
        <test-method signature="runScenario(io.cucumber.testng.PickleWrapper,io.cucumber.testng.FeatureWrapper)[pri:0, instance:cucumberOptions.RunnerTestNG@723ca036]" started-at="2023-11-28T19:58:14 IST" name="runScenario" description="Runs Cucumber Scenarios" data-provider="scenarios" finished-at="2023-11-28T19:58:59 IST" duration-ms="45024" status="PASS">
          <params>
            <param index="0">
              <value>
                <![CDATA["Booking Appointment by Tokyo CURA Healthcare Center"]]>
              </value>
            </param>
            <param index="1">
              <value>
                <![CDATA["Booking Appointment FOR CURA Healthcare Services"]]>
              </value>
            </param>
          </params>
          <reporter-output>
          </reporter-output>
        </test-method> <!-- runScenario -->
        <test-method signature="runScenario(io.cucumber.testng.PickleWrapper,io.cucumber.testng.FeatureWrapper)[pri:0, instance:cucumberOptions.RunnerTestNG@723ca036]" started-at="2023-11-28T19:58:14 IST" name="runScenario" description="Runs Cucumber Scenarios" data-provider="scenarios" finished-at="2023-11-28T19:58:59 IST" duration-ms="45024" status="PASS">
          <params>
            <param index="0">
              <value>
                <![CDATA["Booking Appointment by Hongkong CURA Healthcare Center"]]>
              </value>
            </param>
            <param index="1">
              <value>
                <![CDATA["Booking Appointment FOR CURA Healthcare Services"]]>
              </value>
            </param>
          </params>
          <reporter-output>
          </reporter-output>
        </test-method> <!-- runScenario -->
        <test-method signature="runScenario(io.cucumber.testng.PickleWrapper,io.cucumber.testng.FeatureWrapper)[pri:0, instance:cucumberOptions.RunnerTestNG@723ca036]" started-at="2023-11-28T19:58:14 IST" name="runScenario" description="Runs Cucumber Scenarios" data-provider="scenarios" finished-at="2023-11-28T19:59:02 IST" duration-ms="47645" status="PASS">
          <params>
            <param index="0">
              <value>
                <![CDATA["Booking Appointment by Seoul CURA Healthcare Center"]]>
              </value>
            </param>
            <param index="1">
              <value>
                <![CDATA["Booking Appointment FOR CURA Healthcare Services"]]>
              </value>
            </param>
          </params>
          <reporter-output>
          </reporter-output>
        </test-method> <!-- runScenario -->
        <test-method is-config="true" signature="tearDownClass()[pri:0, instance:cucumberOptions.RunnerTestNG@723ca036]" started-at="2023-11-28T19:59:02 IST" name="tearDownClass" finished-at="2023-11-28T19:59:02 IST" duration-ms="46" status="PASS">
          <reporter-output>
          </reporter-output>
        </test-method> <!-- tearDownClass -->
      </class> <!-- cucumberOptions.RunnerTestNG -->
    </test> <!-- Default test -->
  </suite> <!-- Default suite -->
</testng-results>
